<?xml version="1.0" encoding="UTF-8"?>
<!-- Generated by org.testng.reporters.JUnitReportReporter -->
<testsuite hostname="DESKTOP-2UVQJSF" failures="0" tests="1" name="projectpetcrudpractice.findbyStatus" time="10.690" errors="0" timestamp="2021-09-23T12:35:33 IST" skipped="0">
  <testcase classname="projectpetcrudpractice.findbyStatus" name="fbs" time="10.690"/>
  <system-out/>
</testsuite> <!-- projectpetcrudpractice.findbyStatus -->
