<?xml version="1.0" encoding="UTF-8"?>
<!-- Generated by org.testng.reporters.JUnitReportReporter -->
<testsuite hostname="DESKTOP-2UVQJSF" failures="0" tests="1" name="bddapprochcrud.findstatus" time="8.298" errors="0" timestamp="2022-02-03T20:41:35 IST" skipped="0">
  <testcase classname="bddapprochcrud.findstatus" name="findpet" time="8.298"/>
  <system-out/>
</testsuite> <!-- bddapprochcrud.findstatus -->
