<?xml version="1.0" encoding="UTF-8"?>
<!-- Generated by org.testng.reporters.JUnitReportReporter -->
<testsuite hostname="DESKTOP-2UVQJSF" failures="0" tests="1" name="projectpetcrudpractice.createpet" time="9.968" errors="0" timestamp="2022-01-21T19:28:32 IST" skipped="0">
  <testcase classname="projectpetcrudpractice.createpet" name="create" time="9.968"/>
  <system-out/>
</testsuite> <!-- projectpetcrudpractice.createpet -->
