<?xml version="1.0" encoding="UTF-8"?>
<!-- Generated by org.testng.reporters.JUnitReportReporter -->
<testsuite hostname="DESKTOP-2UVQJSF" failures="0" tests="1" name="projectpetcrudpractice.readpet" time="8.253" errors="0" timestamp="2021-09-25T18:12:02 IST" skipped="0">
  <testcase classname="projectpetcrudpractice.readpet" name="readp" time="8.253"/>
  <system-out/>
</testsuite> <!-- projectpetcrudpractice.readpet -->
