<?xml version="1.0" encoding="UTF-8"?>
<!-- Generated by org.testng.reporters.JUnitReportReporter -->
<testsuite hostname="DESKTOP-2UVQJSF" failures="0" tests="1" name="testCrudOpertion.sendPostRequest" time="20.349" errors="0" timestamp="2022-02-10T17:02:06 IST" skipped="0">
  <testcase classname="testCrudOpertion.sendPostRequest" name="spq" time="20.349"/>
  <system-out/>
</testsuite> <!-- testCrudOpertion.sendPostRequest -->
