<?xml version="1.0" encoding="UTF-8"?>
<!-- Generated by org.testng.reporters.JUnitReportReporter -->
<testsuite hostname="DESKTOP-2UVQJSF" failures="0" tests="1" name="bddapprochcrud.create" time="8.093" errors="0" timestamp="2021-09-25T19:02:20 IST" skipped="0">
  <testcase classname="bddapprochcrud.create" name="cp" time="8.093"/>
  <system-out/>
</testsuite> <!-- bddapprochcrud.create -->
