<?xml version="1.0" encoding="UTF-8"?>
<!-- Generated by org.testng.reporters.JUnitReportReporter -->
<testsuite hostname="DESKTOP-2UVQJSF" failures="0" tests="1" name="projectpetcrudpractice.creatpetbyfile" time="7.742" errors="0" timestamp="2022-01-21T19:43:55 IST" skipped="0">
  <testcase classname="projectpetcrudpractice.creatpetbyfile" name="createfile" time="7.742"/>
  <system-out/>
</testsuite> <!-- projectpetcrudpractice.creatpetbyfile -->
