<?xml version="1.0" encoding="UTF-8"?>
<!-- Generated by org.testng.reporters.JUnitReportReporter -->
<testsuite hostname="DESKTOP-2UVQJSF" failures="0" tests="1" name="projectpetcrudpractice.deletepet" time="9.432" errors="0" timestamp="2021-09-22T11:01:36 IST" skipped="0">
  <testcase classname="projectpetcrudpractice.deletepet" name="dpet" time="9.432"/>
  <system-out/>
</testsuite> <!-- projectpetcrudpractice.deletepet -->
