<?xml version="1.0" encoding="UTF-8"?>
<!-- Generated by org.testng.reporters.JUnitReportReporter -->
<testsuite hostname="DESKTOP-2UVQJSF" failures="0" tests="1" name="projectpetcrudpractice.createhashmap" time="7.543" errors="0" timestamp="2021-09-25T20:06:17 IST" skipped="0">
  <testcase classname="projectpetcrudpractice.createhashmap" name="createbyhash" time="7.543"/>
  <system-out/>
</testsuite> <!-- projectpetcrudpractice.createhashmap -->
