<?xml version="1.0" encoding="UTF-8"?>
<!-- Generated by org.testng.reporters.JUnitReportReporter -->
<testsuite hostname="DESKTOP-2UVQJSF" failures="0" tests="1" name="bddapprochcrud.createhm" time="8.606" errors="0" timestamp="2021-12-03T09:46:28 IST" skipped="0">
  <testcase classname="bddapprochcrud.createhm" name="createpetwithhashmap" time="8.606"/>
  <system-out/>
</testsuite> <!-- bddapprochcrud.createhm -->
