<?xml version="1.0" encoding="UTF-8"?>
<!-- Generated by org.testng.reporters.JUnitReportReporter -->
<testsuite hostname="DESKTOP-2UVQJSF" failures="0" tests="1" name="projectpetcrudpractice.udatepet" time="15.486" errors="0" timestamp="2021-09-22T10:53:35 IST" skipped="0">
  <testcase classname="projectpetcrudpractice.udatepet" name="upet" time="15.486"/>
  <system-out/>
</testsuite> <!-- projectpetcrudpractice.udatepet -->
